Arguments: 
  C:\Program Files\nodejs\node.exe C:\Users\Nandy\AppData\Roaming\npm\node_modules\yarn\bin\yarn.js install

PATH: 
  C:\Program Files\Common Files\Oracle\Java\javapath;C:\Python27\;C:\Python27\Scripts;C:\Python39\Scripts\;C:\Python39\;C:\ProgramData\Oracle\Java\javapath;C:\Windows\system32;C:\Windows;C:\Windows\System32\Wbem;C:\Windows\System32\WindowsPowerShell\v1.0\;C:\Windows\System32\OpenSSH\;C:\Program Files (x86)\NVIDIA Corporation\PhysX\Common;C:\ProgramData\chocolatey\bin;C:\tools\flutter\bin;C:\Users\Nandy\AppData\Roaming\Python\Python37\Scripts;C:\ProgramData\ComposerSetup\bin;C:\Users\Nandy\AppData\Roaming\npm;C:\Program Files\MariaDB\MariaDB Connector C 64-bit\lib\;C:\Program Files\MariaDB\MariaDB Connector C 64-bit\lib\plugin\;C:\Program Files\NVIDIA Corporation\NVIDIA NvDLISR;C:\Program Files\PostgreSQL\12\bin;C:\Program Files\Microsoft\Web Platform Installer\;C:\Program Files (x86)\dotnet\;C:\WINDOWS\system32;C:\WINDOWS;C:\WINDOWS\System32\Wbem;C:\WINDOWS\System32\WindowsPowerShell\v1.0\;C:\WINDOWS\System32\OpenSSH\;C:\Program Files\dotnet\;C:\Users\Nandy\AppData\Roaming\nvm;C:\Program Files\nodejs;C:\Program Files\nodejs\;C:\Program Files\Amazon\AWSCLIV2\;C:\Program Files\Java\jdk1.8.0_211\bin;C:\Program Files\Java\apache-maven-3.8.1\bin;C:\Program Files\MongoDB\Server\4.4\bin;C:\Program Files\Docker\Docker\resources\bin;C:\ProgramData\DockerDesktop\version-bin;C:\Program Files\Git\cmd;C:\Program Files (x86)\Filestar;C:\Users\Nandy\AppData\Roaming\Filestar\aliases;C:\Program Files\Java\jdk1.8.0_211\bin;C:\Users\Nandy\AppData\Local\Programs\Python\Python37\Scripts\;C:\Users\Nandy\AppData\Local\Programs\Python\Python37\;C:\Program Files\MySQL\MySQL Shell 8.0\bin\;C:\Users\Nandy\AppData\Local\hyper\app-3.0.2\resources\bin;C:\Users\Nandy\AppData\Local\Programs\Microsoft VS Code\bin;C:\Users\Nandy\AppData\Roaming\Composer\vendor\bin;C:\tools\mysql\current\bin;C:\Program Files\heroku\bin;C:\wamp64\bin\php\php5.6.40;C:\Users\Nandy\.dotnet\tools;C:\Program Files (x86)\GitHub CLI\;C:\Users\Nandy\AppData\Local\Microsoft\WindowsApps;C:\Users\Nandy\AppData\Local\GitHubDesktop\bin;C:\Program Files\Java\jdk-16.0.1\bin;C:\Program Files\JetBrains\IntelliJ IDEA Community Edition 2021.1.1\bin;C:\xampp\php

Yarn version: 
  1.22.10

Node version: 
  15.12.0

Platform: 
  win32 x64

Trace: 
  Error: EPERM: operation not permitted, unlink 'E:\Desktop\proyectos\my-pvu-calc\node_modules\esbuild-windows-64\esbuild.exe'

npm manifest: 
  {
    "name": "my-pvu-calc",
    "version": "0.0.0",
    "scripts": {
      "dev": "vite",
      "build": "vite build",
      "serve": "vite preview"
    },
    "dependencies": {
      "date-fns": "^2.25.0",
      "vue": "^3.2.16"
    },
    "devDependencies": {
      "@vitejs/plugin-vue": "^1.9.2",
      "vite": "^2.6.0"
    }
  }

yarn manifest: 
  No manifest

Lockfile: 
  # THIS IS AN AUTOGENERATED FILE. DO NOT EDIT THIS FILE DIRECTLY.
  # yarn lockfile v1
  
  
  "@babel/parser@^7.15.0":
    "integrity" "sha512-BRYa3wcQnjS/nqI8Ac94pYYpJfojHVvVXJ97+IDCImX4Jc8W8Xv1+47enbruk+q1etOpsQNwnfFcNGw+gtPGxA=="
    "resolved" "https://registry.npmjs.org/@babel/parser/-/parser-7.15.8.tgz"
    "version" "7.15.8"
  
  "@vitejs/plugin-vue@^1.9.2":
    "integrity" "sha512-yW6H/q+4Mc2PcVjSOelcsMrg/k15DnMUz8jyCFsI04emc3aLwo4AoofUfGnjHUkgirrDxSJLVqQVGhonQ3yykA=="
    "resolved" "https://registry.npmjs.org/@vitejs/plugin-vue/-/plugin-vue-1.9.3.tgz"
    "version" "1.9.3"
  
  "@vue/compiler-core@3.2.19":
    "integrity" "sha512-8dOPX0YOtaXol0Zf2cfLQ4NU/yHYl2H7DCKsLEZ7gdvPK6ZSEwGLJ7IdghhY2YEshEpC5RB9QKdC5I07z8Dtjg=="
    "resolved" "https://registry.npmjs.org/@vue/compiler-core/-/compiler-core-3.2.19.tgz"
    "version" "3.2.19"
    dependencies:
      "@babel/parser" "^7.15.0"
      "@vue/shared" "3.2.19"
      "estree-walker" "^2.0.2"
      "source-map" "^0.6.1"
  
  "@vue/compiler-dom@3.2.19":
    "integrity" "sha512-WzQoE8rfkFjPtIioc7SSgTsnz9g2oG61DU8KHnzPrRS7fW/lji6H2uCYJfp4Z6kZE8GjnHc1Ljwl3/gxDes0cw=="
    "resolved" "https://registry.npmjs.org/@vue/compiler-dom/-/compiler-dom-3.2.19.tgz"
    "version" "3.2.19"
    dependencies:
      "@vue/compiler-core" "3.2.19"
      "@vue/shared" "3.2.19"
  
  "@vue/compiler-sfc@3.2.19":
    "integrity" "sha512-pLlbgkO1UHTO02MSpa/sFOXUwIDxSMiKZ1ozE5n71CY4DM+YmI+G3gT/ZHZ46WBId7f3VTF/D8pGwMygcQbrQA=="
    "resolved" "https://registry.npmjs.org/@vue/compiler-sfc/-/compiler-sfc-3.2.19.tgz"
    "version" "3.2.19"
    dependencies:
      "@babel/parser" "^7.15.0"
      "@vue/compiler-core" "3.2.19"
      "@vue/compiler-dom" "3.2.19"
      "@vue/compiler-ssr" "3.2.19"
      "@vue/ref-transform" "3.2.19"
      "@vue/shared" "3.2.19"
      "estree-walker" "^2.0.2"
      "magic-string" "^0.25.7"
      "postcss" "^8.1.10"
      "source-map" "^0.6.1"
  
  "@vue/compiler-ssr@3.2.19":
    "integrity" "sha512-oLon0Cn3O7WEYzzmzZavGoqXH+199LT+smdjBT3Uf3UX4HwDNuBFCmvL0TsqV9SQnIgKvBRbQ7lhbpnd4lqM3w=="
    "resolved" "https://registry.npmjs.org/@vue/compiler-ssr/-/compiler-ssr-3.2.19.tgz"
    "version" "3.2.19"
    dependencies:
      "@vue/compiler-dom" "3.2.19"
      "@vue/shared" "3.2.19"
  
  "@vue/reactivity@3.2.19":
    "integrity" "sha512-FtachoYs2SnyrWup5UikP54xDX6ZJ1s5VgHcJp4rkGoutU3Ry61jhs+nCX7J64zjX992Mh9gGUC0LqTs8q9vCA=="
    "resolved" "https://registry.npmjs.org/@vue/reactivity/-/reactivity-3.2.19.tgz"
    "version" "3.2.19"
    dependencies:
      "@vue/shared" "3.2.19"
  
  "@vue/ref-transform@3.2.19":
    "integrity" "sha512-03wwUnoIAeKti5IGGx6Vk/HEBJ+zUcm5wrUM3+PQsGf7IYnXTbeIfHHpx4HeSeWhnLAjqZjADQwW8uA4rBmVbg=="
    "resolved" "https://registry.npmjs.org/@vue/ref-transform/-/ref-transform-3.2.19.tgz"
    "version" "3.2.19"
    dependencies:
      "@babel/parser" "^7.15.0"
      "@vue/compiler-core" "3.2.19"
      "@vue/shared" "3.2.19"
      "estree-walker" "^2.0.2"
      "magic-string" "^0.25.7"
  
  "@vue/runtime-core@3.2.19":
    "integrity" "sha512-qArZSWKxWsgKfxk9BelZ32nY0MZ31CAW2kUUyVJyxh4cTfHaXGbjiQB5JgsvKc49ROMNffv9t3/qjasQqAH+RQ=="
    "resolved" "https://registry.npmjs.org/@vue/runtime-core/-/runtime-core-3.2.19.tgz"
    "version" "3.2.19"
    dependencies:
      "@vue/reactivity" "3.2.19"
      "@vue/shared" "3.2.19"
  
  "@vue/runtime-dom@3.2.19":
    "integrity" "sha512-hIRboxXwafeHhbZEkZYNV0MiJXPNf4fP0X6hM2TJb0vssz8BKhD9cF92BkRgZztTQevecbhk0gu4uAPJ3dxL9A=="
    "resolved" "https://registry.npmjs.org/@vue/runtime-dom/-/runtime-dom-3.2.19.tgz"
    "version" "3.2.19"
    dependencies:
      "@vue/runtime-core" "3.2.19"
      "@vue/shared" "3.2.19"
      "csstype" "^2.6.8"
  
  "@vue/server-renderer@3.2.19":
    "integrity" "sha512-A9FNT7fgQJXItwdzWREntAgWKVtKYuXHBKGev/H4+ByTu8vB7gQXGcim01QxaJshdNg4dYuH2tEBZXCNCNx+/w=="
    "resolved" "https://registry.npmjs.org/@vue/server-renderer/-/server-renderer-3.2.19.tgz"
    "version" "3.2.19"
    dependencies:
      "@vue/compiler-ssr" "3.2.19"
      "@vue/shared" "3.2.19"
  
  "@vue/shared@3.2.19":
    "integrity" "sha512-Knqhx7WieLdVgwCAZgTVrDCXZ50uItuecLh9JdLC8O+a5ayaSyIQYveUK3hCRNC7ws5zalHmZwfdLMGaS8r4Ew=="
    "resolved" "https://registry.npmjs.org/@vue/shared/-/shared-3.2.19.tgz"
    "version" "3.2.19"
  
  "csstype@^2.6.8":
    "integrity" "sha512-RSU6Hyeg14am3Ah4VZEmeX8H7kLwEEirXe6aU2IPfKNvhXwTflK5HQRDNI0ypQXoqmm+QPyG2IaPuQE5zMwSIQ=="
    "resolved" "https://registry.npmjs.org/csstype/-/csstype-2.6.18.tgz"
    "version" "2.6.18"
  
  "date-fns@^2.25.0":
    "integrity" "sha512-ovYRFnTrbGPD4nqaEqescPEv1mNwvt+UTqI3Ay9SzNtey9NZnYu6E2qCcBBgJ6/2VF1zGGygpyTDITqpQQ5e+w=="
    "resolved" "https://registry.npmjs.org/date-fns/-/date-fns-2.25.0.tgz"
    "version" "2.25.0"
  
  "esbuild-windows-64@0.13.4":
    "integrity" "sha512-uVL11vORRPjocGLYam67rwFLd0LvkrHEs+JG+1oJN4UD9MQmNGZPa4gBHo6hDpF+kqRJ9kXgQSeDqUyRy0tj/Q=="
    "resolved" "https://registry.npmjs.org/esbuild-windows-64/-/esbuild-windows-64-0.13.4.tgz"
    "version" "0.13.4"
  
  "esbuild@^0.13.2":
    "integrity" "sha512-wMA5eUwpavTBiNl+It6j8OQuKVh69l6z4DKDLzoTIqC+gChnPpcmqdA8WNHptUHRnfyML+mKEQPlW7Mybj8gHg=="
    "resolved" "https://registry.npmjs.org/esbuild/-/esbuild-0.13.4.tgz"
    "version" "0.13.4"
    optionalDependencies:
      "esbuild-android-arm64" "0.13.4"
      "esbuild-darwin-64" "0.13.4"
      "esbuild-darwin-arm64" "0.13.4"
      "esbuild-freebsd-64" "0.13.4"
      "esbuild-freebsd-arm64" "0.13.4"
      "esbuild-linux-32" "0.13.4"
      "esbuild-linux-64" "0.13.4"
      "esbuild-linux-arm" "0.13.4"
      "esbuild-linux-arm64" "0.13.4"
      "esbuild-linux-mips64le" "0.13.4"
      "esbuild-linux-ppc64le" "0.13.4"
      "esbuild-openbsd-64" "0.13.4"
      "esbuild-sunos-64" "0.13.4"
      "esbuild-windows-32" "0.13.4"
      "esbuild-windows-64" "0.13.4"
      "esbuild-windows-arm64" "0.13.4"
  
  "estree-walker@^2.0.2":
    "integrity" "sha512-Rfkk/Mp/DL7JVje3u18FxFujQlTNR2q6QfMSMB7AvCBx91NGj/ba3kCfza0f6dVDbw7YlRf/nDrn7pQrCCyQ/w=="
    "resolved" "https://registry.npmjs.org/estree-walker/-/estree-walker-2.0.2.tgz"
    "version" "2.0.2"
  
  "function-bind@^1.1.1":
    "integrity" "sha512-yIovAzMX49sF8Yl58fSCWJ5svSLuaibPxXQJFLmBObTuCr0Mf1KiPopGM9NiFjiYBCbfaa2Fh6breQ6ANVTI0A=="
    "resolved" "https://registry.npmjs.org/function-bind/-/function-bind-1.1.1.tgz"
    "version" "1.1.1"
  
  "has@^1.0.3":
    "integrity" "sha512-f2dvO0VU6Oej7RkWJGrehjbzMAjFp5/VKPp5tTpWIV4JHHZK1/BxbFRtf/siA2SWTe09caDmVtYYzWEIbBS4zw=="
    "resolved" "https://registry.npmjs.org/has/-/has-1.0.3.tgz"
    "version" "1.0.3"
    dependencies:
      "function-bind" "^1.1.1"
  
  "is-core-module@^2.2.0":
    "integrity" "sha512-ByY+tjCciCr+9nLryBYcSD50EOGWt95c7tIsKTG1J2ixKKXPvF7Ej3AVd+UfDydAJom3biBGDBALaO79ktwgEQ=="
    "resolved" "https://registry.npmjs.org/is-core-module/-/is-core-module-2.7.0.tgz"
    "version" "2.7.0"
    dependencies:
      "has" "^1.0.3"
  
  "magic-string@^0.25.7":
    "integrity" "sha512-4CrMT5DOHTDk4HYDlzmwu4FVCcIYI8gauveasrdCu2IKIFOJ3f0v/8MDGJCDL9oD2ppz/Av1b0Nj345H9M+XIA=="
    "resolved" "https://registry.npmjs.org/magic-string/-/magic-string-0.25.7.tgz"
    "version" "0.25.7"
    dependencies:
      "sourcemap-codec" "^1.4.4"
  
  "nanoid@^3.1.28":
    "integrity" "sha512-dW2pUSGZ8ZnCFIlBIA31SV8huOGCHb6OwzVCc7A69rb/a+SgPBwfmLvK5TKQ3INPbRkcI8a/Owo0XbiTNH19wg=="
    "resolved" "https://registry.npmjs.org/nanoid/-/nanoid-3.1.29.tgz"
    "version" "3.1.29"
  
  "path-parse@^1.0.6":
    "integrity" "sha512-LDJzPVEEEPR+y48z93A0Ed0yXb8pAByGWo/k5YYdYgpY2/2EsOsksJrq7lOHxryrVOn1ejG6oAp8ahvOIQD8sw=="
    "resolved" "https://registry.npmjs.org/path-parse/-/path-parse-1.0.7.tgz"
    "version" "1.0.7"
  
  "picocolors@^0.2.1":
    "integrity" "sha512-cMlDqaLEqfSaW8Z7N5Jw+lyIW869EzT73/F5lhtY9cLGoVxSXznfgfXMO0Z5K0o0Q2TkTXq+0KFsdnSe3jDViA=="
    "resolved" "https://registry.npmjs.org/picocolors/-/picocolors-0.2.1.tgz"
    "version" "0.2.1"
  
  "postcss@^8.1.10", "postcss@^8.3.8":
    "integrity" "sha512-f/ZFyAKh9Dnqytx5X62jgjhhzttjZS7hMsohcI7HEI5tjELX/HxCy3EFhsRxyzGvrzFF+82XPvCS8T9TFleVJw=="
    "resolved" "https://registry.npmjs.org/postcss/-/postcss-8.3.9.tgz"
    "version" "8.3.9"
    dependencies:
      "nanoid" "^3.1.28"
      "picocolors" "^0.2.1"
      "source-map-js" "^0.6.2"
  
  "resolve@^1.20.0":
    "integrity" "sha512-wENBPt4ySzg4ybFQW2TT1zMQucPK95HSh/nq2CFTZVOGut2+pQvSsgtda4d26YrYcr067wjbmzOG8byDPBX63A=="
    "resolved" "https://registry.npmjs.org/resolve/-/resolve-1.20.0.tgz"
    "version" "1.20.0"
    dependencies:
      "is-core-module" "^2.2.0"
      "path-parse" "^1.0.6"
  
  "rollup@^2.57.0":
    "integrity" "sha512-NOXpusKnaRpbS7ZVSzcEXqxcLDOagN6iFS8p45RkoiMqPHDLwJm758UF05KlMoCRbLBTZsPOIa887gZJ1AiXvw=="
    "resolved" "https://registry.npmjs.org/rollup/-/rollup-2.58.0.tgz"
    "version" "2.58.0"
    optionalDependencies:
      "fsevents" "~2.3.2"
  
  "source-map-js@^0.6.2":
    "integrity" "sha512-/3GptzWzu0+0MBQFrDKzw/DvvMTUORvgY6k6jd/VS6iCR4RDTKWH6v6WPwQoUO8667uQEf9Oe38DxAYWY5F/Ug=="
    "resolved" "https://registry.npmjs.org/source-map-js/-/source-map-js-0.6.2.tgz"
    "version" "0.6.2"
  
  "source-map@^0.6.1":
    "integrity" "sha512-UjgapumWlbMhkBgzT7Ykc5YXUT46F0iKu8SGXq0bcwP5dz/h0Plj6enJqjz1Zbq2l5WaqYnrVbwWOWMyF3F47g=="
    "resolved" "https://registry.npmjs.org/source-map/-/source-map-0.6.1.tgz"
    "version" "0.6.1"
  
  "sourcemap-codec@^1.4.4":
    "integrity" "sha512-9NykojV5Uih4lgo5So5dtw+f0JgJX30KCNI8gwhz2J9A15wD0Ml6tjHKwf6fTSa6fAdVBdZeNOs9eJ71qCk8vA=="
    "resolved" "https://registry.npmjs.org/sourcemap-codec/-/sourcemap-codec-1.4.8.tgz"
    "version" "1.4.8"
  
  "vite@^2.5.10", "vite@^2.6.0":
    "integrity" "sha512-mLiN4WR8zpmn04khhBf7YvC3FHrGhZt9S6xm53uDWgtYcUVNtV5LXHLI2Sc4SpL8jd/dsSIHzRxj7JTIu+MTDQ=="
    "resolved" "https://registry.npmjs.org/vite/-/vite-2.6.3.tgz"
    "version" "2.6.3"
    dependencies:
      "esbuild" "^0.13.2"
      "postcss" "^8.3.8"
      "resolve" "^1.20.0"
      "rollup" "^2.57.0"
    optionalDependencies:
      "fsevents" "~2.3.2"
  
  "vue@^3.2.16", "vue@3.2.19":
    "integrity" "sha512-6KAMdIfAtlK+qohTIUE4urwAv4A3YRuo8uAbByApUmiB0CziGAAPs6qVugN6oHPia8YIafHB/37K0O6KZ7sGmA=="
    "resolved" "https://registry.npmjs.org/vue/-/vue-3.2.19.tgz"
    "version" "3.2.19"
    dependencies:
      "@vue/compiler-dom" "3.2.19"
      "@vue/compiler-sfc" "3.2.19"
      "@vue/runtime-dom" "3.2.19"
      "@vue/server-renderer" "3.2.19"
      "@vue/shared" "3.2.19"
